"../../../Engine/Content/EngineResources/DefaultTexture.ubulk" 0
"../../../Engine/Content/EngineResources/DefaultTexture.uasset" 1
"../../../Engine/Content/EngineResources/DefaultTexture.uexp" 2
"../../../Engine/Content/EngineResources/DefaultTextureCube.uasset" 3
"../../../Engine/Content/EngineResources/DefaultTextureCube.uexp" 4
"../../../Engine/Content/EngineResources/DefaultVolumeTexture2D.uasset" 5
"../../../Engine/Content/EngineResources/DefaultVolumeTexture2D.uexp" 6
"../../../Engine/Content/EngineResources/DefaultVolumeTexture.uasset" 7
"../../../Engine/Content/EngineResources/DefaultVolumeTexture.uexp" 8
"../../../Engine/Content/EngineMeshes/Sphere.uasset" 9
"../../../Engine/Content/EngineMeshes/Sphere.uexp" 10
"../../../Engine/Content/EngineResources/GradientTexture0.uasset" 11
"../../../Engine/Content/EngineResources/GradientTexture0.uexp" 12
"../../../Engine/Content/EngineResources/Black.uasset" 13
"../../../Engine/Content/EngineResources/Black.uexp" 14
"../../../Engine/Content/EngineMaterials/T_Default_Material_Grid_M.ubulk" 15
"../../../Engine/Content/EngineMaterials/T_Default_Material_Grid_M.uasset" 16
"../../../Engine/Content/EngineMaterials/T_Default_Material_Grid_M.uexp" 17
"../../../Engine/Content/EngineMaterials/T_Default_Material_Grid_N.ubulk" 18
"../../../Engine/Content/EngineMaterials/T_Default_Material_Grid_N.uasset" 19
"../../../Engine/Content/EngineMaterials/T_Default_Material_Grid_N.uexp" 20
"../../../Engine/Content/Functions/Engine_MaterialFunctions01/Opacity/CameraDepthFade.uasset" 21
"../../../Engine/Content/Functions/Engine_MaterialFunctions01/Opacity/CameraDepthFade.uexp" 22
"../../../Engine/Content/EngineMaterials/WorldGridMaterial.uasset" 23
"../../../Engine/Content/EngineMaterials/WorldGridMaterial.uexp" 24
"../../../Engine/Content/ArtTools/RenderToTexture/Meshes/S_1_Unit_Plane.uasset" 25
"../../../Engine/Content/ArtTools/RenderToTexture/Meshes/S_1_Unit_Plane.uexp" 26
"../../../Engine/Plugins/Media/MediaPlate/Content/SM_MediaPlateScreen.uasset" 27
"../../../Engine/Plugins/Media/MediaPlate/Content/SM_MediaPlateScreen.uexp" 28
"../../../Engine/Content/EngineMaterials/Good64x64TilingNoiseHighFreq.uasset" 29
"../../../Engine/Content/EngineMaterials/Good64x64TilingNoiseHighFreq.uexp" 30
"../../../Engine/Content/EngineMaterials/DefaultBokeh.uasset" 31
"../../../Engine/Content/EngineMaterials/DefaultBokeh.uexp" 32
"../../../Engine/Content/EngineMaterials/PreintegratedSkinBRDF.uasset" 33
"../../../Engine/Content/EngineMaterials/PreintegratedSkinBRDF.uexp" 34
"../../../Engine/Content/EngineMaterials/MiniFont.uasset" 35
"../../../Engine/Content/EngineMaterials/MiniFont.uexp" 36
"../../../Engine/Content/EngineMaterials/WeightMapPlaceholderTexture.uasset" 37
"../../../Engine/Content/EngineMaterials/WeightMapPlaceholderTexture.uexp" 38
"../../../Engine/Content/EngineMaterials/DefaultWhiteGrid.ubulk" 39
"../../../Engine/Content/EngineMaterials/DefaultWhiteGrid.uasset" 40
"../../../Engine/Content/EngineMaterials/DefaultWhiteGrid.uexp" 41
"../../../Engine/Plugins/2D/Paper2D/Content/PlaceholderTextures/DummySpriteTexture.ubulk" 42
"../../../Engine/Plugins/2D/Paper2D/Content/PlaceholderTextures/DummySpriteTexture.uasset" 43
"../../../Engine/Plugins/2D/Paper2D/Content/PlaceholderTextures/DummySpriteTexture.uexp" 44
"../../../Engine/Plugins/2D/Paper2D/Content/DefaultSpriteMaterial.uasset" 45
"../../../Engine/Plugins/2D/Paper2D/Content/DefaultSpriteMaterial.uexp" 46
"../../../Engine/Plugins/2D/Paper2D/Content/OpaqueUnlitSpriteMaterial.uasset" 47
"../../../Engine/Plugins/2D/Paper2D/Content/OpaqueUnlitSpriteMaterial.uexp" 48
"../../../Engine/Plugins/2D/Paper2D/Content/MaskedUnlitSpriteMaterial.uasset" 49
"../../../Engine/Plugins/2D/Paper2D/Content/MaskedUnlitSpriteMaterial.uexp" 50
"../../../Engine/Plugins/2D/Paper2D/Content/DummySprite.uasset" 51
"../../../Engine/Plugins/2D/Paper2D/Content/DummySprite.uexp" 52
"../../../Engine/Plugins/2D/Paper2D/Content/DefaultPaperTerrainMaterial.uasset" 53
"../../../Engine/Plugins/2D/Paper2D/Content/DefaultPaperTerrainMaterial.uexp" 54
"../../../Engine/Content/Functions/Engine_MaterialFunctions02/WorldPositionOffset/CameraOffset.uasset" 55
"../../../Engine/Content/Functions/Engine_MaterialFunctions02/WorldPositionOffset/CameraOffset.uexp" 56
"../../../Engine/Plugins/Animation/ControlRig/Content/M_Manip.uasset" 57
"../../../Engine/Plugins/Animation/ControlRig/Content/M_Manip.uexp" 58
"../../../Engine/Content/Animation/DefaultRecorderBoneCompression.uasset" 59
"../../../Engine/Content/Animation/DefaultRecorderBoneCompression.uexp" 60
"../../../Engine/Content/EngineMaterials/DefaultMaterial.uasset" 61
"../../../Engine/Content/EngineMaterials/DefaultMaterial.uexp" 62
"../../../Engine/Content/BasicShapes/Sphere.uasset" 63
"../../../Engine/Content/BasicShapes/Sphere.uexp" 64
"../../../Engine/Content/BasicShapes/Plane.uasset" 65
"../../../Engine/Content/BasicShapes/Plane.uexp" 66
"../../../Engine/Content/BasicShapes/Cylinder.uasset" 67
"../../../Engine/Content/BasicShapes/Cylinder.uexp" 68
"../../../Engine/Content/BasicShapes/Cube.uasset" 69
"../../../Engine/Content/BasicShapes/Cube.uexp" 70
"../../../Engine/Content/BasicShapes/Cone.uasset" 71
"../../../Engine/Content/BasicShapes/Cone.uexp" 72
"../../../Engine/Content/EngineFonts/Faces/RobotoLight.uexp" 73
"../../../Engine/Content/EngineFonts/Faces/RobotoLight.uasset" 74
"../../../Engine/Content/EngineFonts/Faces/RobotoLight.ufont" 75
"../../../Engine/Content/EngineFonts/Faces/RobotoBold.uexp" 76
"../../../Engine/Content/EngineFonts/Faces/RobotoBold.uasset" 77
"../../../Engine/Content/EngineFonts/Faces/RobotoBold.ufont" 78
"../../../Engine/Content/EngineFonts/Faces/RobotoRegular.uexp" 79
"../../../Engine/Content/EngineFonts/Faces/RobotoRegular.uasset" 80
"../../../Engine/Content/EngineFonts/Faces/RobotoRegular.ufont" 81
"../../../Engine/Content/EngineFonts/Faces/DroidSansFallback.uexp" 82
"../../../Engine/Content/EngineFonts/Faces/DroidSansFallback.uasset" 83
"../../../Engine/Content/EngineFonts/Faces/DroidSansFallback.ufont" 84
"../../../Engine/Content/EngineFonts/Faces/RobotoItalic.uexp" 85
"../../../Engine/Content/EngineFonts/Faces/RobotoItalic.uasset" 86
"../../../Engine/Content/EngineFonts/Faces/RobotoItalic.ufont" 87
"../../../Engine/Content/EngineFonts/Faces/RobotoBoldItalic.uexp" 88
"../../../Engine/Content/EngineFonts/Faces/RobotoBoldItalic.uasset" 89
"../../../Engine/Content/EngineFonts/Faces/RobotoBoldItalic.ufont" 90
"../../../Engine/Content/EngineFonts/Roboto.uasset" 91
"../../../Engine/Content/EngineFonts/Roboto.uexp" 92
"../../../Engine/Content/Functions/Engine_MaterialFunctions02/Utility/CameraDirectionVector.uasset" 93
"../../../Engine/Content/Functions/Engine_MaterialFunctions02/Utility/CameraDirectionVector.uexp" 94
"../../../Engine/Content/EngineDebugMaterials/VolumeToRender.uasset" 95
"../../../Engine/Content/EngineDebugMaterials/VolumeToRender.uexp" 96
"../../../Engine/Content/EngineDebugMaterials/M_VolumeRenderSphereTracePP.uasset" 97
"../../../Engine/Content/EngineDebugMaterials/M_VolumeRenderSphereTracePP.uexp" 98
"../../../Engine/Content/EngineDebugMaterials/M_SimpleUnlitTranslucent.uasset" 99
"../../../Engine/Content/EngineDebugMaterials/M_SimpleUnlitTranslucent.uexp" 100
"../../../Engine/Content/EngineDebugMaterials/DebugMeshMaterial.uasset" 101
"../../../Engine/Content/EngineDebugMaterials/DebugMeshMaterial.uexp" 102
"../../../Engine/Content/EngineDebugMaterials/DebugEditorMaterial.uasset" 103
"../../../Engine/Content/EngineDebugMaterials/DebugEditorMaterial.uexp" 104
"../../../Engine/Content/EngineDamageTypes/DmgTypeBP_Environmental.uasset" 105
"../../../Engine/Content/EngineDamageTypes/DmgTypeBP_Environmental.uexp" 106
"../../../Engine/Plugins/Editor/SpeedTreeImporter/Content/SpeedTree9/game_wind_noise.ubulk" 107
"../../../Engine/Plugins/Editor/SpeedTreeImporter/Content/SpeedTree9/game_wind_noise.uasset" 108
"../../../Engine/Plugins/Editor/SpeedTreeImporter/Content/SpeedTree9/game_wind_noise.uexp" 109
"../../../Engine/Plugins/Editor/SpeedTreeImporter/Content/SpeedTree9/UnpackDirection.uasset" 110
"../../../Engine/Plugins/Editor/SpeedTreeImporter/Content/SpeedTree9/UnpackDirection.uexp" 111
"../../../Engine/Content/Functions/Engine_MaterialFunctions02/ObjectLocalBounds.uasset" 112
"../../../Engine/Content/Functions/Engine_MaterialFunctions02/ObjectLocalBounds.uexp" 113
"../../../Engine/Content/Functions/Engine_MaterialFunctions02/Utility/BreakOutFloat3Components.uasset" 114
"../../../Engine/Content/Functions/Engine_MaterialFunctions02/Utility/BreakOutFloat3Components.uexp" 115
"../../../Engine/Content/Functions/Engine_MaterialFunctions02/UVs/BoundingBoxBased_0-1_UVW.uasset" 116
"../../../Engine/Content/Functions/Engine_MaterialFunctions02/UVs/BoundingBoxBased_0-1_UVW.uexp" 117
"../../../Engine/Content/Functions/Engine_MaterialFunctions02/Utility/VectorLength.uasset" 118
"../../../Engine/Content/Functions/Engine_MaterialFunctions02/Utility/VectorLength.uexp" 119
"../../../Engine/Plugins/Editor/SpeedTreeImporter/Content/SpeedTree9/UnpackInteger3.uasset" 120
"../../../Engine/Plugins/Editor/SpeedTreeImporter/Content/SpeedTree9/UnpackInteger3.uexp" 121
"../../../Engine/Plugins/Editor/SpeedTreeImporter/Content/SpeedTree9/SpeedTreeCameraFacing.uasset" 122
"../../../Engine/Plugins/Editor/SpeedTreeImporter/Content/SpeedTree9/SpeedTreeCameraFacing.uexp" 123
"../../../Engine/Content/Functions/Engine_MaterialFunctions02/WorldPositionOffset/ObjectScale.uasset" 124
"../../../Engine/Content/Functions/Engine_MaterialFunctions02/WorldPositionOffset/ObjectScale.uexp" 125
"../../../Engine/Content/Functions/Engine_MaterialFunctions02/SafeNormalize.uasset" 126
"../../../Engine/Content/Functions/Engine_MaterialFunctions02/SafeNormalize.uexp" 127
"../../../Engine/Plugins/Editor/SpeedTreeImporter/Content/SpeedTree9/SpeedTreeWindMotion.uasset" 128
"../../../Engine/Plugins/Editor/SpeedTreeImporter/Content/SpeedTree9/SpeedTreeWindMotion.uexp" 129
"../../../Engine/Plugins/Editor/SpeedTreeImporter/Content/SpeedTree9/SpeedTreeBranchMotion.uasset" 130
"../../../Engine/Plugins/Editor/SpeedTreeImporter/Content/SpeedTree9/SpeedTreeBranchMotion.uexp" 131
"../../../Engine/Plugins/Editor/SpeedTreeImporter/Content/SpeedTree9/SpeedTreeWind.uasset" 132
"../../../Engine/Plugins/Editor/SpeedTreeImporter/Content/SpeedTree9/SpeedTreeWind.uexp" 133
"../../../Engine/Plugins/Editor/SpeedTreeImporter/Content/SpeedTree9/EmptyNormal.uasset" 134
"../../../Engine/Plugins/Editor/SpeedTreeImporter/Content/SpeedTree9/EmptyNormal.uexp" 135
"../../../Engine/Plugins/Editor/SpeedTreeImporter/Content/SpeedTree9/Empty.uasset" 136
"../../../Engine/Plugins/Editor/SpeedTreeImporter/Content/SpeedTree9/Empty.uexp" 137
"../../../Engine/Plugins/Editor/SpeedTreeImporter/Content/SpeedTree9/SpeedTreeMaster.uasset" 138
"../../../Engine/Plugins/Editor/SpeedTreeImporter/Content/SpeedTree9/SpeedTreeMaster.uexp" 139
"../../../Engine/Plugins/Editor/SpeedTreeImporter/Content/SpeedTree9/SpeedTreeBillboard.uasset" 140
"../../../Engine/Plugins/Editor/SpeedTreeImporter/Content/SpeedTree9/SpeedTreeBillboard.uexp" 141
"../../../Engine/Plugins/Editor/SpeedTreeImporter/Content/SpeedTree9/SpeedTreeBillboardMaster.uasset" 142
"../../../Engine/Plugins/Editor/SpeedTreeImporter/Content/SpeedTree9/SpeedTreeBillboardMaster.uexp" 143
"../../../Engine/Plugins/Animation/ControlRig/Content/Controls/DefaultGizmoLibraryNormalized.uasset" 144
"../../../Engine/Plugins/Animation/ControlRig/Content/Controls/DefaultGizmoLibraryNormalized.uexp" 145
"../../../Engine/Plugins/Animation/ControlRig/Content/Controls/ControlRig_Wedge_solid.uasset" 146
"../../../Engine/Plugins/Animation/ControlRig/Content/Controls/ControlRig_Wedge_solid.uexp" 147
"../../../Engine/Plugins/Animation/ControlRig/Content/Controls/ControlRig_Wedge_3mm.uasset" 148
"../../../Engine/Plugins/Animation/ControlRig/Content/Controls/ControlRig_Wedge_3mm.uexp" 149
"../../../Engine/Plugins/Animation/ControlRig/Content/Controls/ControlRig_Wedge_1mm.uasset" 150
"../../../Engine/Plugins/Animation/ControlRig/Content/Controls/ControlRig_Wedge_1mm.uexp" 151
"../../../Engine/Plugins/Animation/ControlRig/Content/Controls/ControlRig_Triangle_solid.uasset" 152
"../../../Engine/Plugins/Animation/ControlRig/Content/Controls/ControlRig_Triangle_solid.uexp" 153
"../../../Engine/Plugins/Animation/ControlRig/Content/Controls/ControlRig_Triangle_3mm.uasset" 154
"../../../Engine/Plugins/Animation/ControlRig/Content/Controls/ControlRig_Triangle_3mm.uexp" 155
"../../../Engine/Plugins/Animation/ControlRig/Content/Controls/ControlRig_Triangle_1mm.uasset" 156
"../../../Engine/Plugins/Animation/ControlRig/Content/Controls/ControlRig_Triangle_1mm.uexp" 157
"../../../Engine/Plugins/Animation/ControlRig/Content/Controls/ControlRig_Star4_solid.uasset" 158
"../../../Engine/Plugins/Animation/ControlRig/Content/Controls/ControlRig_Star4_solid.uexp" 159
"../../../Engine/Plugins/Animation/ControlRig/Content/Controls/ControlRig_Star4_3mm.uasset" 160
"../../../Engine/Plugins/Animation/ControlRig/Content/Controls/ControlRig_Star4_3mm.uexp" 161
"../../../Engine/Plugins/Animation/ControlRig/Content/Controls/ControlRig_Star4_1mm.uasset" 162
"../../../Engine/Plugins/Animation/ControlRig/Content/Controls/ControlRig_Star4_1mm.uexp" 163
"../../../Engine/Plugins/Animation/ControlRig/Content/Controls/ControlRig_Square_solid.uasset" 164
"../../../Engine/Plugins/Animation/ControlRig/Content/Controls/ControlRig_Square_solid.uexp" 165
"../../../Engine/Plugins/Animation/ControlRig/Content/Controls/ControlRig_Square_3mm.uasset" 166
"../../../Engine/Plugins/Animation/ControlRig/Content/Controls/ControlRig_Square_3mm.uexp" 167
"../../../Engine/Plugins/Animation/ControlRig/Content/Controls/ControlRig_Square_1mm.uasset" 168
"../../../Engine/Plugins/Animation/ControlRig/Content/Controls/ControlRig_Square_1mm.uexp" 169
"../../../Engine/Plugins/Animation/ControlRig/Content/Controls/ControlRig_Sphere_solid.uasset" 170
"../../../Engine/Plugins/Animation/ControlRig/Content/Controls/ControlRig_Sphere_solid.uexp" 171
"../../../Engine/Plugins/Animation/ControlRig/Content/Controls/ControlRig_Sphere_3mm.uasset" 172
"../../../Engine/Plugins/Animation/ControlRig/Content/Controls/ControlRig_Sphere_3mm.uexp" 173
"../../../Engine/Plugins/Animation/ControlRig/Content/Controls/ControlRig_Sphere_1mm.uasset" 174
"../../../Engine/Plugins/Animation/ControlRig/Content/Controls/ControlRig_Sphere_1mm.uexp" 175
"../../../Engine/Plugins/Animation/ControlRig/Content/Controls/ControlRig_RoundedTriangle_solid.uasset" 176
"../../../Engine/Plugins/Animation/ControlRig/Content/Controls/ControlRig_RoundedTriangle_solid.uexp" 177
"../../../Engine/Plugins/Animation/ControlRig/Content/Controls/ControlRig_RoundedTriangle_3mm.uasset" 178
"../../../Engine/Plugins/Animation/ControlRig/Content/Controls/ControlRig_RoundedTriangle_3mm.uexp" 179
"../../../Engine/Plugins/Animation/ControlRig/Content/Controls/ControlRig_RoundedTriangle_1mm.uasset" 180
"../../../Engine/Plugins/Animation/ControlRig/Content/Controls/ControlRig_RoundedTriangle_1mm.uexp" 181
"../../../Engine/Plugins/Animation/ControlRig/Content/Controls/ControlRig_RoundedSquare_solid.uasset" 182
"../../../Engine/Plugins/Animation/ControlRig/Content/Controls/ControlRig_RoundedSquare_solid.uexp" 183
"../../../Engine/Plugins/Animation/ControlRig/Content/Controls/ControlRig_RoundedSquare_3mm.uasset" 184
"../../../Engine/Plugins/Animation/ControlRig/Content/Controls/ControlRig_RoundedSquare_3mm.uexp" 185
"../../../Engine/Plugins/Animation/ControlRig/Content/Controls/ControlRig_RoundedSquare_1mm.uasset" 186
"../../../Engine/Plugins/Animation/ControlRig/Content/Controls/ControlRig_RoundedSquare_1mm.uexp" 187
"../../../Engine/Plugins/Animation/ControlRig/Content/Controls/ControlRig_QuarterCircle_solid.uasset" 188
"../../../Engine/Plugins/Animation/ControlRig/Content/Controls/ControlRig_QuarterCircle_solid.uexp" 189
"../../../Engine/Plugins/Animation/ControlRig/Content/Controls/ControlRig_QuarterCircle_3mm.uasset" 190
"../../../Engine/Plugins/Animation/ControlRig/Content/Controls/ControlRig_QuarterCircle_3mm.uexp" 191
"../../../Engine/Plugins/Animation/ControlRig/Content/Controls/ControlRig_QuarterCircle_1mm.uasset" 192
"../../../Engine/Plugins/Animation/ControlRig/Content/Controls/ControlRig_QuarterCircle_1mm.uexp" 193
"../../../Engine/Plugins/Animation/ControlRig/Content/Controls/ControlRig_Pyramid_solid.uasset" 194
"../../../Engine/Plugins/Animation/ControlRig/Content/Controls/ControlRig_Pyramid_solid.uexp" 195
"../../../Engine/Plugins/Animation/ControlRig/Content/Controls/ControlRig_Pyramid_3mm.uasset" 196
"../../../Engine/Plugins/Animation/ControlRig/Content/Controls/ControlRig_Pyramid_3mm.uexp" 197
"../../../Engine/Plugins/Animation/ControlRig/Content/Controls/ControlRig_Pyramid_1mm.uasset" 198
"../../../Engine/Plugins/Animation/ControlRig/Content/Controls/ControlRig_Pyramid_1mm.uexp" 199
"../../../Engine/Plugins/Animation/ControlRig/Content/Controls/ControlRig_Octagon_solid.uasset" 200
"../../../Engine/Plugins/Animation/ControlRig/Content/Controls/ControlRig_Octagon_solid.uexp" 201
"../../../Engine/Plugins/Animation/ControlRig/Content/Controls/ControlRig_Octagon_3mm.uasset" 202
"../../../Engine/Plugins/Animation/ControlRig/Content/Controls/ControlRig_Octagon_3mm.uexp" 203
"../../../Engine/Plugins/Animation/ControlRig/Content/Controls/ControlRig_Octagon_1mm.uasset" 204
"../../../Engine/Plugins/Animation/ControlRig/Content/Controls/ControlRig_Octagon_1mm.uexp" 205
"../../../Engine/Plugins/Animation/ControlRig/Content/Controls/ControlRig_Hexagon_solid.uasset" 206
"../../../Engine/Plugins/Animation/ControlRig/Content/Controls/ControlRig_Hexagon_solid.uexp" 207
"../../../Engine/Plugins/Animation/ControlRig/Content/Controls/ControlRig_Hexagon_3mm.uasset" 208
"../../../Engine/Plugins/Animation/ControlRig/Content/Controls/ControlRig_Hexagon_3mm.uexp" 209
"../../../Engine/Plugins/Animation/ControlRig/Content/Controls/ControlRig_Hexagon_1mm.uasset" 210
"../../../Engine/Plugins/Animation/ControlRig/Content/Controls/ControlRig_Hexagon_1mm.uexp" 211
"../../../Engine/Plugins/Animation/ControlRig/Content/Controls/ControlRig_HalfCircle_solid.uasset" 212
"../../../Engine/Plugins/Animation/ControlRig/Content/Controls/ControlRig_HalfCircle_solid.uexp" 213
"../../../Engine/Plugins/Animation/ControlRig/Content/Controls/ControlRig_HalfCircle_3mm.uasset" 214
"../../../Engine/Plugins/Animation/ControlRig/Content/Controls/ControlRig_HalfCircle_3mm.uexp" 215
"../../../Engine/Plugins/Animation/ControlRig/Content/Controls/ControlRig_HalfCircle_1mm.uasset" 216
"../../../Engine/Plugins/Animation/ControlRig/Content/Controls/ControlRig_HalfCircle_1mm.uexp" 217
"../../../Engine/Plugins/Animation/ControlRig/Content/Controls/ControlRig_Diamond_solid.uasset" 218
"../../../Engine/Plugins/Animation/ControlRig/Content/Controls/ControlRig_Diamond_solid.uexp" 219
"../../../Engine/Plugins/Animation/ControlRig/Content/Controls/ControlRig_Diamond_3mm.uasset" 220
"../../../Engine/Plugins/Animation/ControlRig/Content/Controls/ControlRig_Diamond_3mm.uexp" 221
"../../../Engine/Plugins/Runtime/MeshModelingToolset/Content/Materials/M_DynamicMeshComponentVtxColor.uasset" 222
"../../../Engine/Plugins/Runtime/MeshModelingToolset/Content/Materials/M_DynamicMeshComponentVtxColor.uexp" 223
"../../../Engine/Plugins/Interchange/Runtime/Content/Pipelines/DefaultTexturePipeline.uasset" 224
"../../../Engine/Plugins/Interchange/Runtime/Content/Pipelines/DefaultTexturePipeline.uexp" 225
"../../../Engine/Plugins/Interchange/Runtime/Content/Pipelines/DefaultSceneLevelPipeline.uasset" 226
"../../../Engine/Plugins/Interchange/Runtime/Content/Pipelines/DefaultSceneLevelPipeline.uexp" 227
"../../../Engine/Plugins/Interchange/Runtime/Content/Pipelines/DefaultSceneAssetsPipeline.uasset" 228
"../../../Engine/Plugins/Interchange/Runtime/Content/Pipelines/DefaultSceneAssetsPipeline.uexp" 229
"../../../Engine/Plugins/Interchange/Runtime/Content/Pipelines/DefaultMaterialPipeline.uasset" 230
"../../../Engine/Plugins/Interchange/Runtime/Content/Pipelines/DefaultMaterialPipeline.uexp" 231
"../../../Engine/Plugins/Interchange/Runtime/Content/Pipelines/DefaultAssetsPipeline.uasset" 232
"../../../Engine/Plugins/Interchange/Runtime/Content/Pipelines/DefaultAssetsPipeline.uexp" 233
"../../../Engine/Plugins/Animation/ControlRig/Content/Controls/ControlRig_Diamond_1mm.uasset" 234
"../../../Engine/Plugins/Animation/ControlRig/Content/Controls/ControlRig_Diamond_1mm.uexp" 235
"../../../Engine/Plugins/Animation/ControlRig/Content/Controls/ControlRig_Circle_solid.uasset" 236
"../../../Engine/Plugins/Animation/ControlRig/Content/Controls/ControlRig_Circle_solid.uexp" 237
"../../../Engine/Plugins/Animation/ControlRig/Content/Controls/ControlRig_Circle_3mm.uasset" 238
"../../../Engine/Plugins/Animation/ControlRig/Content/Controls/ControlRig_Circle_3mm.uexp" 239
"../../../Engine/Plugins/Animation/ControlRig/Content/Controls/ControlRig_Circle_1mm.uasset" 240
"../../../Engine/Plugins/Animation/ControlRig/Content/Controls/ControlRig_Circle_1mm.uexp" 241
"../../../Engine/Plugins/Animation/ControlRig/Content/Controls/ControlRig_Box_solid.uasset" 242
"../../../Engine/Plugins/Animation/ControlRig/Content/Controls/ControlRig_Box_solid.uexp" 243
"../../../Engine/Plugins/Animation/ControlRig/Content/Controls/ControlRig_Box_3mm.uasset" 244
"../../../Engine/Plugins/Animation/ControlRig/Content/Controls/ControlRig_Box_3mm.uexp" 245
"../../../Engine/Plugins/Animation/ControlRig/Content/Controls/ControlRig_Box_1mm.uasset" 246
"../../../Engine/Plugins/Animation/ControlRig/Content/Controls/ControlRig_Box_1mm.uexp" 247
"../../../Engine/Plugins/Animation/ControlRig/Content/Controls/ControlRig_Arrow_solid.uasset" 248
"../../../Engine/Plugins/Animation/ControlRig/Content/Controls/ControlRig_Arrow_solid.uexp" 249
"../../../Engine/Plugins/Animation/ControlRig/Content/Controls/ControlRig_Arrow_3mm.uasset" 250
"../../../Engine/Plugins/Animation/ControlRig/Content/Controls/ControlRig_Arrow_3mm.uexp" 251
"../../../Engine/Plugins/Animation/ControlRig/Content/Controls/ControlRig_Arrow_1mm.uasset" 252
"../../../Engine/Plugins/Animation/ControlRig/Content/Controls/ControlRig_Arrow_1mm.uexp" 253
"../../../Engine/Plugins/Animation/ControlRig/Content/Controls/ControlRig_Arrow4_solid.uasset" 254
"../../../Engine/Plugins/Animation/ControlRig/Content/Controls/ControlRig_Arrow4_solid.uexp" 255
"../../../Engine/Plugins/Animation/ControlRig/Content/Controls/ControlRig_Arrow4_3mm.uasset" 256
"../../../Engine/Plugins/Animation/ControlRig/Content/Controls/ControlRig_Arrow4_3mm.uexp" 257
"../../../Engine/Plugins/Animation/ControlRig/Content/Controls/ControlRig_Arrow4_1mm.uasset" 258
"../../../Engine/Plugins/Animation/ControlRig/Content/Controls/ControlRig_Arrow4_1mm.uexp" 259
"../../../Engine/Plugins/Animation/ControlRig/Content/Controls/ControlRig_Arrow2_solid.uasset" 260
"../../../Engine/Plugins/Animation/ControlRig/Content/Controls/ControlRig_Arrow2_solid.uexp" 261
"../../../Engine/Plugins/Animation/ControlRig/Content/Controls/ControlRig_Arrow2_3mm.uasset" 262
"../../../Engine/Plugins/Animation/ControlRig/Content/Controls/ControlRig_Arrow2_3mm.uexp" 263
"../../../Engine/Plugins/Animation/ControlRig/Content/Controls/ControlRig_Arrow2_1mm.uasset" 264
"../../../Engine/Plugins/Animation/ControlRig/Content/Controls/ControlRig_Arrow2_1mm.uexp" 265
"../../../Engine/Plugins/Animation/ControlRig/Content/Controls/ControlRigXRayMaterial.uasset" 266
"../../../Engine/Plugins/Animation/ControlRig/Content/Controls/ControlRigXRayMaterial.uexp" 267
"../../../Engine/Plugins/Animation/ControlRig/Content/Controls/ControlRigGizmoMaterial.uasset" 268
"../../../Engine/Plugins/Animation/ControlRig/Content/Controls/ControlRigGizmoMaterial.uexp" 269
"../../../Engine/Content/EngineSounds/Master.uasset" 270
"../../../Engine/Content/EngineSounds/Master.uexp" 271
"../../../Engine/Content/EngineResources/WhiteSquareTexture.uasset" 272
"../../../Engine/Content/EngineResources/WhiteSquareTexture.uexp" 273
"../../../Engine/Content/EngineMaterials/Widget3DPassThrough.uasset" 274
"../../../Engine/Content/EngineMaterials/Widget3DPassThrough.uexp" 275
"../../../Engine/Content/EngineMaterials/Widget3DPassThrough_Translucent.uasset" 276
"../../../Engine/Content/EngineMaterials/Widget3DPassThrough_Translucent.uexp" 277
"../../../Engine/Content/EngineMaterials/Widget3DPassThrough_Translucent_OneSided.uasset" 278
"../../../Engine/Content/EngineMaterials/Widget3DPassThrough_Translucent_OneSided.uexp" 279
"../../../Engine/Content/EngineMaterials/Widget3DPassThrough_Opaque.uasset" 280
"../../../Engine/Content/EngineMaterials/Widget3DPassThrough_Opaque.uexp" 281
"../../../Engine/Content/EngineMaterials/Widget3DPassThrough_Opaque_OneSided.uasset" 282
"../../../Engine/Content/EngineMaterials/Widget3DPassThrough_Opaque_OneSided.uexp" 283
"../../../Engine/Content/EngineMaterials/Widget3DPassThrough_Masked_OneSided.uasset" 284
"../../../Engine/Content/EngineMaterials/Widget3DPassThrough_Masked_OneSided.uexp" 285
"../../../Engine/Content/EngineMaterials/Widget3DPassThrough_Masked.uasset" 286
"../../../Engine/Content/EngineMaterials/Widget3DPassThrough_Masked.uexp" 287
"../../../Engine/Content/EngineMaterials/STBlueNoise_vec2_128x128x64.uasset" 288
"../../../Engine/Content/EngineMaterials/STBlueNoise_vec2_128x128x64.uexp" 289
"../../../Engine/Content/EngineMaterials/STBlueNoise_scalar_128x128x64.uasset" 290
"../../../Engine/Content/EngineMaterials/STBlueNoise_scalar_128x128x64.uexp" 291
"../../../Engine/Content/EngineMaterials/RemoveSurfaceMaterial.uasset" 292
"../../../Engine/Content/EngineMaterials/RemoveSurfaceMaterial.uexp" 293
"../../../Engine/Content/EngineMaterials/DefaultCalibrationGrayscale.uasset" 294
"../../../Engine/Content/EngineMaterials/DefaultCalibrationGrayscale.uexp" 295
"../../../Engine/Content/EngineMaterials/PPM_DefaultCalibrationGrayscale.uasset" 296
"../../../Engine/Content/EngineMaterials/PPM_DefaultCalibrationGrayscale.uexp" 297
"../../../Engine/Content/EngineMaterials/DefaultCalibrationColor.uasset" 298
"../../../Engine/Content/EngineMaterials/DefaultCalibrationColor.uexp" 299
"../../../Engine/Content/EngineMaterials/PPM_DefaultCalibrationColor.uasset" 300
"../../../Engine/Content/EngineMaterials/PPM_DefaultCalibrationColor.uexp" 301
"../../../Engine/Content/EngineMaterials/PhAT_JointLimitMaterial.uasset" 302
"../../../Engine/Content/EngineMaterials/PhAT_JointLimitMaterial.uexp" 303
"../../../Engine/Content/EngineMaterials/NaniteHiddenSectionMaterial.uasset" 304
"../../../Engine/Content/EngineMaterials/NaniteHiddenSectionMaterial.uexp" 305
"../../../Engine/Content/EngineMaterials/InvalidLightmapSettings.ubulk" 306
"../../../Engine/Content/EngineMaterials/InvalidLightmapSettings.uasset" 307
"../../../Engine/Content/EngineMaterials/InvalidLightmapSettings.uexp" 308
"../../../Engine/Content/EngineMaterials/M_InvalidLightmapSettings.uasset" 309
"../../../Engine/Content/EngineMaterials/M_InvalidLightmapSettings.uexp" 310
"../../../Engine/Content/EngineMaterials/GizmoMaterial.uasset" 311
"../../../Engine/Content/EngineMaterials/GizmoMaterial.uexp" 312
"../../../Engine/Content/EngineMaterials/BaseFlattenEmissiveMap_VT.uasset" 313
"../../../Engine/Content/EngineMaterials/BaseFlattenEmissiveMap_VT.uexp" 314
"../../../Engine/Content/EngineMaterials/BaseFlattenGrayscaleMap_VT.uasset" 315
"../../../Engine/Content/EngineMaterials/BaseFlattenGrayscaleMap_VT.uexp" 316
"../../../Engine/Content/EngineMaterials/BaseFlattenLinearColor_VT.uasset" 317
"../../../Engine/Content/EngineMaterials/BaseFlattenLinearColor_VT.uexp" 318
"../../../Engine/Content/EngineMaterials/Black_1x1_EXR_Texture_VT.uasset" 319
"../../../Engine/Content/EngineMaterials/Black_1x1_EXR_Texture_VT.uexp" 320
"../../../Engine/Content/EngineMaterials/BaseFlattenDiffuseMap_VT.uasset" 321
"../../../Engine/Content/EngineMaterials/BaseFlattenDiffuseMap_VT.uexp" 322
"../../../Engine/Content/EngineMaterials/BaseFlattenNormalMap_VT.uasset" 323
"../../../Engine/Content/EngineMaterials/BaseFlattenNormalMap_VT.uexp" 324
"../../../Engine/Content/EngineMaterials/FlattenMaterial_WS_Normal_VT.uasset" 325
"../../../Engine/Content/EngineMaterials/FlattenMaterial_WS_Normal_VT.uexp" 326
"../../../Engine/Content/EngineMaterials/FlattenMaterial_VT.uasset" 327
"../../../Engine/Content/EngineMaterials/FlattenMaterial_VT.uexp" 328
"../../../Engine/Content/EngineMaterials/BaseFlattenNormalMap.uasset" 329
"../../../Engine/Content/EngineMaterials/BaseFlattenNormalMap.uexp" 330
"../../../Engine/Content/EngineMaterials/BaseFlattenGrayscaleMap.uasset" 331
"../../../Engine/Content/EngineMaterials/BaseFlattenGrayscaleMap.uexp" 332
"../../../Engine/Content/EngineMaterials/BaseFlattenDiffuseMap.uasset" 333
"../../../Engine/Content/EngineMaterials/BaseFlattenDiffuseMap.uexp" 334
"../../../Engine/Content/Functions/Engine_MaterialFunctions02/PivotPainter2/Black_1x1_EXR_Texture.uasset" 335
"../../../Engine/Content/Functions/Engine_MaterialFunctions02/PivotPainter2/Black_1x1_EXR_Texture.uexp" 336
"../../../Engine/Content/EngineMaterials/BaseFlattenEmissiveMap.uasset" 337
"../../../Engine/Content/EngineMaterials/BaseFlattenEmissiveMap.uexp" 338
"../../../Engine/Content/EngineMaterials/BaseFlattenLinearColor.uasset" 339
"../../../Engine/Content/EngineMaterials/BaseFlattenLinearColor.uexp" 340
"../../../Engine/Content/EngineMaterials/FlattenMaterial.uasset" 341
"../../../Engine/Content/EngineMaterials/FlattenMaterial.uexp" 342
"../../../Engine/Content/EngineMaterials/DefaultWhiteGrid_Low.uasset" 343
"../../../Engine/Content/EngineMaterials/DefaultWhiteGrid_Low.uexp" 344
"../../../Engine/Content/EngineMaterials/EmissiveMeshMaterial.uasset" 345
"../../../Engine/Content/EngineMaterials/EmissiveMeshMaterial.uexp" 346
"../../../Engine/Content/EngineFonts/RobotoDistanceField.uasset" 347
"../../../Engine/Content/EngineFonts/RobotoDistanceField.uexp" 348
"../../../Engine/Content/EngineMaterials/DefaultTextMaterialOpaque.uasset" 349
"../../../Engine/Content/EngineMaterials/DefaultTextMaterialOpaque.uexp" 350
"../../../Engine/Content/EngineMaterials/DefaultDiffuse.ubulk" 351
"../../../Engine/Content/EngineMaterials/DefaultDiffuse.uasset" 352
"../../../Engine/Content/EngineMaterials/DefaultDiffuse.uexp" 353
"../../../Engine/Content/Functions/Engine_MaterialFunctions02/Utility/BreakOutFloat2Components.uasset" 354
"../../../Engine/Content/Functions/Engine_MaterialFunctions02/Utility/BreakOutFloat2Components.uexp" 355
"../../../Engine/Content/EngineMaterials/DefaultPostProcessMaterial.uasset" 356
"../../../Engine/Content/EngineMaterials/DefaultPostProcessMaterial.uexp" 357
"../../../Engine/Content/EngineMaterials/DefaultPhysicalMaterial.uasset" 358
"../../../Engine/Content/EngineMaterials/DefaultPhysicalMaterial.uexp" 359
"../../../Engine/Content/EngineMaterials/DefaultLightFunctionMaterial.uasset" 360
"../../../Engine/Content/EngineMaterials/DefaultLightFunctionMaterial.uexp" 361
"../../../Engine/Content/EngineMaterials/DefaultDestructiblePhysicalMaterial.uasset" 362
"../../../Engine/Content/EngineMaterials/DefaultDestructiblePhysicalMaterial.uexp" 363
"../../../Engine/Content/EngineMaterials/DefaultDeferredDecalMaterial.uasset" 364
"../../../Engine/Content/EngineMaterials/DefaultDeferredDecalMaterial.uexp" 365
"../../../Engine/Content/EngineMaterials/DefaultBloomKernel.uasset" 366
"../../../Engine/Content/EngineMaterials/DefaultBloomKernel.uexp" 367
"../../../Engine/Content/MobileResources/HUD/VirtualJoystick_Background.uasset" 368
"../../../Engine/Content/MobileResources/HUD/VirtualJoystick_Background.uexp" 369
"../../../Engine/Content/MobileResources/HUD/VirtualJoystick_Thumb.uasset" 370
"../../../Engine/Content/MobileResources/HUD/VirtualJoystick_Thumb.uexp" 371
"../../../Engine/Content/MobileResources/HUD/DefaultVirtualJoysticks.uasset" 372
"../../../Engine/Content/MobileResources/HUD/DefaultVirtualJoysticks.uexp" 373
"../../../Engine/Content/EngineSky/VolumetricClouds/CloudWeatherTexture.uasset" 374
"../../../Engine/Content/EngineSky/VolumetricClouds/CloudWeatherTexture.uexp" 375
"../../../Engine/Content/Functions/Engine_MaterialFunctions02/Utility/MakeFloat2.uasset" 376
"../../../Engine/Content/Functions/Engine_MaterialFunctions02/Utility/MakeFloat2.uexp" 377
"../../../Engine/Content/EngineSky/VolumetricClouds/CloudGradientTexture.uasset" 378
"../../../Engine/Content/EngineSky/VolumetricClouds/CloudGradientTexture.uexp" 379
"../../../Engine/Content/EngineSky/VolumetricClouds/T_NoiseShape64.ubulk" 380
"../../../Engine/Content/EngineSky/VolumetricClouds/T_NoiseShape64.uasset" 381
"../../../Engine/Content/EngineSky/VolumetricClouds/T_NoiseShape64.uexp" 382
"../../../Engine/Content/EngineSky/VolumetricClouds/T_VolumeNoiseShape64.uasset" 383
"../../../Engine/Content/EngineSky/VolumetricClouds/T_VolumeNoiseShape64.uexp" 384
"../../../Engine/Content/EngineSky/VolumetricClouds/T_NoiseErosion.ubulk" 385
"../../../Engine/Content/EngineSky/VolumetricClouds/T_NoiseErosion.uasset" 386
"../../../Engine/Content/EngineSky/VolumetricClouds/T_NoiseErosion.uexp" 387
"../../../Engine/Content/EngineSky/VolumetricClouds/T_VolumeNoiseErosion32.uasset" 388
"../../../Engine/Content/EngineSky/VolumetricClouds/T_VolumeNoiseErosion32.uexp" 389
"../../../Engine/Content/EngineSky/VolumetricClouds/m_SimpleVolumetricCloud.uasset" 390
"../../../Engine/Content/EngineSky/VolumetricClouds/m_SimpleVolumetricCloud.uexp" 391
"../../../Engine/Content/EngineSky/VolumetricClouds/m_SimpleVolumetricCloud_Inst.uasset" 392
"../../../Engine/Content/EngineSky/VolumetricClouds/m_SimpleVolumetricCloud_Inst.uexp" 393
"../../../Engine/Content/EngineResources/FilmGrains/Marcie_Grain_v3_128_M2_000.uasset" 394
"../../../Engine/Content/EngineResources/FilmGrains/Marcie_Grain_v3_128_M2_000.uexp" 395
"../../../Engine/Content/Functions/Engine_MaterialFunctions01/Shading/PowerToRoughness.uasset" 396
"../../../Engine/Content/Functions/Engine_MaterialFunctions01/Shading/PowerToRoughness.uexp" 397
"../../../Engine/Content/Functions/Engine_MaterialFunctions01/Shading/ConvertFromDiffSpec.uasset" 398
"../../../Engine/Content/Functions/Engine_MaterialFunctions01/Shading/ConvertFromDiffSpec.uexp" 399
"D:/Projects/MovementFPS/GMC_DemoProject/GMC 5.2/Content/GMC/GMC.uasset" 400
"D:/Projects/MovementFPS/GMC_DemoProject/GMC 5.2/Content/GMC/GMC.uexp" 401
"../../../Engine/Content/Animation/DefaultAnimCurveCompressionSettings.uasset" 402
"../../../Engine/Content/Animation/DefaultAnimCurveCompressionSettings.uexp" 403
"D:/Projects/MovementFPS/GMC_DemoProject/GMC 5.2/Content/GMC/Mannequin/Character/Mesh/UE4_Mannequin_Skeleton.uasset" 404
"D:/Projects/MovementFPS/GMC_DemoProject/GMC 5.2/Content/GMC/Mannequin/Character/Mesh/UE4_Mannequin_Skeleton.uexp" 405
"../../../Engine/Content/Animation/DefaultAnimBoneCompressionSettings.uasset" 406
"../../../Engine/Content/Animation/DefaultAnimBoneCompressionSettings.uexp" 407
"D:/Projects/MovementFPS/GMC_DemoProject/GMC 5.2/Content/GMC/Mannequin/Animations/AdvancedLocomotionV3/Characters/Mannequin/Animations/Locomotion/ALS_N_Run_FL.uasset" 408
"D:/Projects/MovementFPS/GMC_DemoProject/GMC 5.2/Content/GMC/Mannequin/Animations/AdvancedLocomotionV3/Characters/Mannequin/Animations/Locomotion/ALS_N_Run_FL.uexp" 409
"D:/Projects/MovementFPS/GMC_DemoProject/GMC 5.2/Content/GMC/Mannequin/Animations/AdvancedLocomotionV3/Characters/Mannequin/Animations/Locomotion/ALS_LF_Walk_L.uasset" 410
"D:/Projects/MovementFPS/GMC_DemoProject/GMC 5.2/Content/GMC/Mannequin/Animations/AdvancedLocomotionV3/Characters/Mannequin/Animations/Locomotion/ALS_LF_Walk_L.uexp" 411
"D:/Projects/MovementFPS/GMC_DemoProject/GMC 5.2/Content/GMC/Mannequin/Animations/AdvancedLocomotionV3/Characters/Mannequin/Animations/AimOffsets/ALS_N_AO_F.uasset" 412
"D:/Projects/MovementFPS/GMC_DemoProject/GMC 5.2/Content/GMC/Mannequin/Animations/AdvancedLocomotionV3/Characters/Mannequin/Animations/AimOffsets/ALS_N_AO_F.uexp" 413
"D:/Projects/MovementFPS/GMC_DemoProject/GMC 5.2/Content/GMC/Mannequin/Animations/AdvancedLocomotionV3/Characters/Mannequin/Animations/AimOffsets/ALS_N_AO_RD90.uasset" 414
"D:/Projects/MovementFPS/GMC_DemoProject/GMC 5.2/Content/GMC/Mannequin/Animations/AdvancedLocomotionV3/Characters/Mannequin/Animations/AimOffsets/ALS_N_AO_RD90.uexp" 415
"D:/Projects/MovementFPS/GMC_DemoProject/GMC 5.2/Content/GMC/Mannequin/Animations/AdvancedLocomotionV3/Characters/Mannequin/Animations/Locomotion/ALS_N_Run_B.uasset" 416
"D:/Projects/MovementFPS/GMC_DemoProject/GMC 5.2/Content/GMC/Mannequin/Animations/AdvancedLocomotionV3/Characters/Mannequin/Animations/Locomotion/ALS_N_Run_B.uexp" 417
"D:/Projects/MovementFPS/GMC_DemoProject/GMC 5.2/Content/GMC/Mannequin/Animations/AdvancedLocomotionV3/Characters/Mannequin/Animations/Locomotion/ALS_LF_Walk_B.uasset" 418
"D:/Projects/MovementFPS/GMC_DemoProject/GMC 5.2/Content/GMC/Mannequin/Animations/AdvancedLocomotionV3/Characters/Mannequin/Animations/Locomotion/ALS_LF_Walk_B.uexp" 419
"D:/Projects/MovementFPS/GMC_DemoProject/GMC 5.2/Content/GMC/Mannequin/Animations/AdvancedLocomotionV3/Characters/Mannequin/Animations/Idles/ALS_N_Idle_Pose.uasset" 420
"D:/Projects/MovementFPS/GMC_DemoProject/GMC 5.2/Content/GMC/Mannequin/Animations/AdvancedLocomotionV3/Characters/Mannequin/Animations/Idles/ALS_N_Idle_Pose.uexp" 421
"D:/Projects/MovementFPS/GMC_DemoProject/GMC 5.2/Content/GMC/Mannequin/Animations/AdvancedLocomotionV3/Characters/Mannequin/Animations/Locomotion/ALS_N_Run_FR.uasset" 422
"D:/Projects/MovementFPS/GMC_DemoProject/GMC 5.2/Content/GMC/Mannequin/Animations/AdvancedLocomotionV3/Characters/Mannequin/Animations/Locomotion/ALS_N_Run_FR.uexp" 423
"D:/Projects/MovementFPS/GMC_DemoProject/GMC 5.2/Content/GMC/Mannequin/Animations/WallRun/wall_run_right.uasset" 424
"D:/Projects/MovementFPS/GMC_DemoProject/GMC 5.2/Content/GMC/Mannequin/Animations/WallRun/wall_run_right.uexp" 425
"D:/Projects/MovementFPS/GMC_DemoProject/GMC 5.2/Content/GMC/Mannequin/Animations/AdvancedLocomotionV3/Characters/Mannequin/Animations/Locomotion/ALS_N_Sprint_F.uasset" 426
"D:/Projects/MovementFPS/GMC_DemoProject/GMC 5.2/Content/GMC/Mannequin/Animations/AdvancedLocomotionV3/Characters/Mannequin/Animations/Locomotion/ALS_N_Sprint_F.uexp" 427
"D:/Projects/MovementFPS/GMC_DemoProject/GMC 5.2/Content/GMC/Mannequin/Animations/AdvancedLocomotionV3/Characters/Mannequin/Animations/AimOffsets/ALS_N_AO_FU.uasset" 428
"D:/Projects/MovementFPS/GMC_DemoProject/GMC 5.2/Content/GMC/Mannequin/Animations/AdvancedLocomotionV3/Characters/Mannequin/Animations/AimOffsets/ALS_N_AO_FU.uexp" 429
"D:/Projects/MovementFPS/GMC_DemoProject/GMC 5.2/Content/GMC/Mannequin/Animations/AdvancedLocomotionV3/Characters/Mannequin/Animations/AimOffsets/ALS_N_AO_RU90.uasset" 430
"D:/Projects/MovementFPS/GMC_DemoProject/GMC 5.2/Content/GMC/Mannequin/Animations/AdvancedLocomotionV3/Characters/Mannequin/Animations/AimOffsets/ALS_N_AO_RU90.uexp" 431
"D:/Projects/MovementFPS/GMC_DemoProject/GMC 5.2/Content/GMC/Mannequin/Animations/WallRun/wall_run_left.uasset" 432
"D:/Projects/MovementFPS/GMC_DemoProject/GMC 5.2/Content/GMC/Mannequin/Animations/WallRun/wall_run_left.uexp" 433
"D:/Projects/MovementFPS/GMC_DemoProject/GMC 5.2/Content/GMC/Mannequin/Animations/A_JumpEnd.uasset" 434
"D:/Projects/MovementFPS/GMC_DemoProject/GMC 5.2/Content/GMC/Mannequin/Animations/A_JumpEnd.uexp" 435
"D:/Projects/MovementFPS/GMC_DemoProject/GMC 5.2/Content/GMC/Mannequin/Animations/A_Idle.uasset" 436
"D:/Projects/MovementFPS/GMC_DemoProject/GMC 5.2/Content/GMC/Mannequin/Animations/A_Idle.uexp" 437
"D:/Projects/MovementFPS/GMC_DemoProject/GMC 5.2/Content/GMC/Mannequin/Animations/AdvancedLocomotionV3/Characters/Mannequin/Animations/Locomotion/ALS_N_Run_F.uasset" 438
"D:/Projects/MovementFPS/GMC_DemoProject/GMC 5.2/Content/GMC/Mannequin/Animations/AdvancedLocomotionV3/Characters/Mannequin/Animations/Locomotion/ALS_N_Run_F.uexp" 439
"D:/Projects/MovementFPS/GMC_DemoProject/GMC 5.2/Content/GMC/Mannequin/Animations/AdvancedLocomotionV3/Characters/Mannequin/Animations/AimOffsets/ALS_N_AO_L90.uasset" 440
"D:/Projects/MovementFPS/GMC_DemoProject/GMC 5.2/Content/GMC/Mannequin/Animations/AdvancedLocomotionV3/Characters/Mannequin/Animations/AimOffsets/ALS_N_AO_L90.uexp" 441
"D:/Projects/MovementFPS/GMC_DemoProject/GMC 5.2/Content/GMC/Mannequin/Animations/AdvancedLocomotionV3/Characters/Mannequin/Animations/AimOffsets/ALS_N_AO_R90.uasset" 442
"D:/Projects/MovementFPS/GMC_DemoProject/GMC 5.2/Content/GMC/Mannequin/Animations/AdvancedLocomotionV3/Characters/Mannequin/Animations/AimOffsets/ALS_N_AO_R90.uexp" 443
"D:/Projects/MovementFPS/GMC_DemoProject/GMC 5.2/Content/GMC/Mannequin/Animations/A_JumpStart.uasset" 444
"D:/Projects/MovementFPS/GMC_DemoProject/GMC 5.2/Content/GMC/Mannequin/Animations/A_JumpStart.uexp" 445
"D:/Projects/MovementFPS/GMC_DemoProject/GMC 5.2/Content/GMC/Mannequin/Animations/AdvancedLocomotionV3/Characters/Mannequin/Animations/AimOffsets/ALS_N_AO_RU180.uasset" 446
"D:/Projects/MovementFPS/GMC_DemoProject/GMC 5.2/Content/GMC/Mannequin/Animations/AdvancedLocomotionV3/Characters/Mannequin/Animations/AimOffsets/ALS_N_AO_RU180.uexp" 447
"D:/Projects/MovementFPS/GMC_DemoProject/GMC 5.2/Content/GMC/Mannequin/Animations/AdvancedLocomotionV3/Characters/Mannequin/Animations/Locomotion/ALS_LF_Walk_R.uasset" 448
"D:/Projects/MovementFPS/GMC_DemoProject/GMC 5.2/Content/GMC/Mannequin/Animations/AdvancedLocomotionV3/Characters/Mannequin/Animations/Locomotion/ALS_LF_Walk_R.uexp" 449
"D:/Projects/MovementFPS/GMC_DemoProject/GMC 5.2/Content/GMC/Mannequin/Animations/A_Fall.uasset" 450
"D:/Projects/MovementFPS/GMC_DemoProject/GMC 5.2/Content/GMC/Mannequin/Animations/A_Fall.uexp" 451
"D:/Projects/MovementFPS/GMC_DemoProject/GMC 5.2/Content/GMC/Mannequin/Animations/AdvancedLocomotionV3/Characters/Mannequin/Animations/AimOffsets/ALS_N_AO_LD90.uasset" 452
"D:/Projects/MovementFPS/GMC_DemoProject/GMC 5.2/Content/GMC/Mannequin/Animations/AdvancedLocomotionV3/Characters/Mannequin/Animations/AimOffsets/ALS_N_AO_LD90.uexp" 453
"D:/Projects/MovementFPS/GMC_DemoProject/GMC 5.2/Content/GMC/Mannequin/Animations/AdvancedLocomotionV3/Characters/Mannequin/Animations/AimOffsets/ALS_N_AO_RD180.uasset" 454
"D:/Projects/MovementFPS/GMC_DemoProject/GMC 5.2/Content/GMC/Mannequin/Animations/AdvancedLocomotionV3/Characters/Mannequin/Animations/AimOffsets/ALS_N_AO_RD180.uexp" 455
"D:/Projects/MovementFPS/GMC_DemoProject/GMC 5.2/Content/GMC/Mannequin/Animations/AdvancedLocomotionV3/Characters/Mannequin/Animations/AimOffsets/ALS_N_AO_L180.uasset" 456
"D:/Projects/MovementFPS/GMC_DemoProject/GMC 5.2/Content/GMC/Mannequin/Animations/AdvancedLocomotionV3/Characters/Mannequin/Animations/AimOffsets/ALS_N_AO_L180.uexp" 457
"D:/Projects/MovementFPS/GMC_DemoProject/GMC 5.2/Content/GMC/Mannequin/Animations/AdvancedLocomotionV3/Characters/Mannequin/Animations/AimOffsets/ALS_N_AO_R180.uasset" 458
"D:/Projects/MovementFPS/GMC_DemoProject/GMC 5.2/Content/GMC/Mannequin/Animations/AdvancedLocomotionV3/Characters/Mannequin/Animations/AimOffsets/ALS_N_AO_R180.uexp" 459
"D:/Projects/MovementFPS/GMC_DemoProject/GMC 5.2/Content/GMC/Mannequin/Animations/AdvancedLocomotionV3/Characters/Mannequin/Animations/Locomotion/ALS_LF_Walk_F.uasset" 460
"D:/Projects/MovementFPS/GMC_DemoProject/GMC 5.2/Content/GMC/Mannequin/Animations/AdvancedLocomotionV3/Characters/Mannequin/Animations/Locomotion/ALS_LF_Walk_F.uexp" 461
"D:/Projects/MovementFPS/GMC_DemoProject/GMC 5.2/Content/GMC/Mannequin/Animations/AdvancedLocomotionV3/Characters/Mannequin/Animations/AimOffsets/ALS_N_AO_LU180.uasset" 462
"D:/Projects/MovementFPS/GMC_DemoProject/GMC 5.2/Content/GMC/Mannequin/Animations/AdvancedLocomotionV3/Characters/Mannequin/Animations/AimOffsets/ALS_N_AO_LU180.uexp" 463
"D:/Projects/MovementFPS/GMC_DemoProject/GMC 5.2/Content/GMC/Mannequin/Animations/AdvancedLocomotionV3/Characters/Mannequin/Animations/AimOffsets/ALS_N_AO_LD180.uasset" 464
"D:/Projects/MovementFPS/GMC_DemoProject/GMC 5.2/Content/GMC/Mannequin/Animations/AdvancedLocomotionV3/Characters/Mannequin/Animations/AimOffsets/ALS_N_AO_LD180.uexp" 465
"D:/Projects/MovementFPS/GMC_DemoProject/GMC 5.2/Content/GMC/Mannequin/Animations/AdvancedLocomotionV3/Characters/Mannequin/Animations/AimOffsets/ALS_N_AO_FD.uasset" 466
"D:/Projects/MovementFPS/GMC_DemoProject/GMC 5.2/Content/GMC/Mannequin/Animations/AdvancedLocomotionV3/Characters/Mannequin/Animations/AimOffsets/ALS_N_AO_FD.uexp" 467
"D:/Projects/MovementFPS/GMC_DemoProject/GMC 5.2/Content/GMC/Mannequin/Animations/AdvancedLocomotionV3/Characters/Mannequin/Animations/AimOffsets/ALS_N_AO_LU90.uasset" 468
"D:/Projects/MovementFPS/GMC_DemoProject/GMC 5.2/Content/GMC/Mannequin/Animations/AdvancedLocomotionV3/Characters/Mannequin/Animations/AimOffsets/ALS_N_AO_LU90.uexp" 469
"D:/Projects/MovementFPS/GMC_DemoProject/GMC 5.2/Content/GMC/Mannequin/Animations/ABP_Biped.uasset" 470
"D:/Projects/MovementFPS/GMC_DemoProject/GMC 5.2/Content/GMC/Mannequin/Animations/ABP_Biped.uexp" 471
"D:/Projects/MovementFPS/GMC_DemoProject/GMC 5.2/Content/GMC/Mannequin/Character/Textures/T_UE4Logo_N.ubulk" 472
"D:/Projects/MovementFPS/GMC_DemoProject/GMC 5.2/Content/GMC/Mannequin/Character/Textures/T_UE4Logo_N.uasset" 473
"D:/Projects/MovementFPS/GMC_DemoProject/GMC 5.2/Content/GMC/Mannequin/Character/Textures/T_UE4Logo_N.uexp" 474
"D:/Projects/MovementFPS/GMC_DemoProject/GMC 5.2/Content/GMC/Mannequin/Character/Textures/T_Male_Mask.ubulk" 475
"D:/Projects/MovementFPS/GMC_DemoProject/GMC 5.2/Content/GMC/Mannequin/Character/Textures/T_Male_Mask.uasset" 476
"D:/Projects/MovementFPS/GMC_DemoProject/GMC 5.2/Content/GMC/Mannequin/Character/Textures/T_Male_Mask.uexp" 477
"D:/Projects/MovementFPS/GMC_DemoProject/GMC 5.2/Content/GMC/Mannequin/Character/Textures/T_UE4Logo_Mask.ubulk" 478
"D:/Projects/MovementFPS/GMC_DemoProject/GMC 5.2/Content/GMC/Mannequin/Character/Textures/T_UE4Logo_Mask.uasset" 479
"D:/Projects/MovementFPS/GMC_DemoProject/GMC 5.2/Content/GMC/Mannequin/Character/Textures/T_UE4Logo_Mask.uexp" 480
"D:/Projects/MovementFPS/GMC_DemoProject/GMC 5.2/Content/GMC/Mannequin/Character/Materials/MaterialLayers/T_ML_Aluminum01.ubulk" 481
"D:/Projects/MovementFPS/GMC_DemoProject/GMC 5.2/Content/GMC/Mannequin/Character/Materials/MaterialLayers/T_ML_Aluminum01.uasset" 482
"D:/Projects/MovementFPS/GMC_DemoProject/GMC 5.2/Content/GMC/Mannequin/Character/Materials/MaterialLayers/T_ML_Aluminum01.uexp" 483
"D:/Projects/MovementFPS/GMC_DemoProject/GMC 5.2/Content/GMC/Mannequin/Character/Materials/MaterialLayers/T_ML_Rubber_Blue_01_D.ubulk" 484
"D:/Projects/MovementFPS/GMC_DemoProject/GMC 5.2/Content/GMC/Mannequin/Character/Materials/MaterialLayers/T_ML_Rubber_Blue_01_D.uasset" 485
"D:/Projects/MovementFPS/GMC_DemoProject/GMC 5.2/Content/GMC/Mannequin/Character/Materials/MaterialLayers/T_ML_Rubber_Blue_01_D.uexp" 486
"D:/Projects/MovementFPS/GMC_DemoProject/GMC 5.2/Content/GMC/Mannequin/Character/Materials/MaterialLayers/T_ML_Aluminum01_N.ubulk" 487
"D:/Projects/MovementFPS/GMC_DemoProject/GMC 5.2/Content/GMC/Mannequin/Character/Materials/MaterialLayers/T_ML_Aluminum01_N.uasset" 488
"D:/Projects/MovementFPS/GMC_DemoProject/GMC 5.2/Content/GMC/Mannequin/Character/Materials/MaterialLayers/T_ML_Aluminum01_N.uexp" 489
"D:/Projects/MovementFPS/GMC_DemoProject/GMC 5.2/Content/GMC/Mannequin/Character/Materials/MaterialLayers/T_ML_Rubber_Blue_01_N.ubulk" 490
"D:/Projects/MovementFPS/GMC_DemoProject/GMC 5.2/Content/GMC/Mannequin/Character/Materials/MaterialLayers/T_ML_Rubber_Blue_01_N.uasset" 491
"D:/Projects/MovementFPS/GMC_DemoProject/GMC 5.2/Content/GMC/Mannequin/Character/Materials/MaterialLayers/T_ML_Rubber_Blue_01_N.uexp" 492
"D:/Projects/MovementFPS/GMC_DemoProject/GMC 5.2/Content/GMC/Mannequin/Character/Materials/MaterialLayers/ML_Plastic_Shiny_Beige.uasset" 493
"D:/Projects/MovementFPS/GMC_DemoProject/GMC 5.2/Content/GMC/Mannequin/Character/Materials/MaterialLayers/ML_Plastic_Shiny_Beige.uexp" 494
"../../../Engine/Content/Functions/Engine_MaterialFunctions02/Utility/BlendAngleCorrectedNormals.uasset" 495
"../../../Engine/Content/Functions/Engine_MaterialFunctions02/Utility/BlendAngleCorrectedNormals.uexp" 496
"../../../Engine/Content/Functions/MaterialLayerFunctions/MatLayerBlend_NormalBlend.uasset" 497
"../../../Engine/Content/Functions/MaterialLayerFunctions/MatLayerBlend_NormalBlend.uexp" 498
"../../../Engine/Content/Functions/MaterialLayerFunctions/MatLayerBlend_Simple.uasset" 499
"../../../Engine/Content/Functions/MaterialLayerFunctions/MatLayerBlend_Simple.uexp" 500
"D:/Projects/MovementFPS/GMC_DemoProject/GMC 5.2/Content/GMC/Mannequin/Character/Materials/MaterialLayers/ML_GlossyBlack_Latex_UE4.uasset" 501
"D:/Projects/MovementFPS/GMC_DemoProject/GMC 5.2/Content/GMC/Mannequin/Character/Materials/MaterialLayers/ML_GlossyBlack_Latex_UE4.uexp" 502
"D:/Projects/MovementFPS/GMC_DemoProject/GMC 5.2/Content/GMC/Mannequin/Character/Materials/MaterialLayers/ML_Plastic_Shiny_Beige_LOGO.uasset" 503
"D:/Projects/MovementFPS/GMC_DemoProject/GMC 5.2/Content/GMC/Mannequin/Character/Materials/MaterialLayers/ML_Plastic_Shiny_Beige_LOGO.uexp" 504
"D:/Projects/MovementFPS/GMC_DemoProject/GMC 5.2/Content/GMC/Mannequin/Character/Materials/MaterialLayers/ML_SoftMetal_UE4.uasset" 505
"D:/Projects/MovementFPS/GMC_DemoProject/GMC 5.2/Content/GMC/Mannequin/Character/Materials/MaterialLayers/ML_SoftMetal_UE4.uexp" 506
"D:/Projects/MovementFPS/GMC_DemoProject/GMC 5.2/Content/GMC/Mannequin/Character/Textures/T_Male_N.ubulk" 507
"D:/Projects/MovementFPS/GMC_DemoProject/GMC 5.2/Content/GMC/Mannequin/Character/Textures/T_Male_N.uasset" 508
"D:/Projects/MovementFPS/GMC_DemoProject/GMC 5.2/Content/GMC/Mannequin/Character/Textures/T_Male_N.uexp" 509
"D:/Projects/MovementFPS/GMC_DemoProject/GMC 5.2/Content/GMC/Mannequin/Character/Materials/M_Male_Body.uasset" 510
"D:/Projects/MovementFPS/GMC_DemoProject/GMC 5.2/Content/GMC/Mannequin/Character/Materials/M_Male_Body.uexp" 511
"D:/Projects/MovementFPS/GMC_DemoProject/GMC 5.2/Content/GMC/Mannequin/Character/Materials/M_UE4Man_ChestLogo.uasset" 512
"D:/Projects/MovementFPS/GMC_DemoProject/GMC 5.2/Content/GMC/Mannequin/Character/Materials/M_UE4Man_ChestLogo.uexp" 513
"D:/Projects/MovementFPS/GMC_DemoProject/GMC 5.2/Content/GMC/Mannequin/Character/Mesh/SK_Mannequin_PhysicsAsset.uasset" 514
"D:/Projects/MovementFPS/GMC_DemoProject/GMC 5.2/Content/GMC/Mannequin/Character/Mesh/SK_Mannequin_PhysicsAsset.uexp" 515
"D:/Projects/MovementFPS/GMC_DemoProject/GMC 5.2/Content/GMC/Mannequin/Character/Mesh/SK_Mannequin.uasset" 516
"D:/Projects/MovementFPS/GMC_DemoProject/GMC 5.2/Content/GMC/Mannequin/Character/Mesh/SK_Mannequin.uexp" 517
"D:/Projects/MovementFPS/GMC_DemoProject/GMC 5.2/Content/GMC/Biped.uasset" 518
"D:/Projects/MovementFPS/GMC_DemoProject/GMC 5.2/Content/GMC/Biped.uexp" 519
"D:/Projects/MovementFPS/GMC_DemoProject/GMC 5.2/Content/GMC/Demo/Blueprints/BP_GameMode.uasset" 520
"D:/Projects/MovementFPS/GMC_DemoProject/GMC 5.2/Content/GMC/Demo/Blueprints/BP_GameMode.uexp" 521
"D:/Projects/MovementFPS/GMC_DemoProject/GMC 5.2/Content/GMC/Demo/Maps/Transition_BuiltData.uasset" 522
"D:/Projects/MovementFPS/GMC_DemoProject/GMC 5.2/Content/GMC/Demo/Maps/Transition_BuiltData.uexp" 523
"D:/Projects/MovementFPS/GMC_DemoProject/GMC 5.2/Content/GMC/Demo/Maps/Transition.uexp" 524
"D:/Projects/MovementFPS/GMC_DemoProject/GMC 5.2/Content/GMC/Demo/Maps/Transition.umap" 525
"D:/Projects/MovementFPS/GMC_DemoProject/GMC 5.2/Content/GMC/Demo/Maps/Menu_BuiltData.uasset" 526
"D:/Projects/MovementFPS/GMC_DemoProject/GMC 5.2/Content/GMC/Demo/Maps/Menu_BuiltData.uexp" 527
"D:/Projects/MovementFPS/GMC_DemoProject/GMC 5.2/Content/GMC/Demo/UI/WBP_ServerListEntry.uasset" 528
"D:/Projects/MovementFPS/GMC_DemoProject/GMC 5.2/Content/GMC/Demo/UI/WBP_ServerListEntry.uexp" 529
"D:/Projects/MovementFPS/GMC_DemoProject/GMC 5.2/Content/GMC/Demo/UI/WBP_PauseMenu.uasset" 530
"D:/Projects/MovementFPS/GMC_DemoProject/GMC 5.2/Content/GMC/Demo/UI/WBP_PauseMenu.uexp" 531
"D:/Projects/MovementFPS/GMC_DemoProject/GMC 5.2/Content/GMC/Demo/UI/WBP_MainMenu.uasset" 532
"D:/Projects/MovementFPS/GMC_DemoProject/GMC 5.2/Content/GMC/Demo/UI/WBP_MainMenu.uexp" 533
"D:/Projects/MovementFPS/GMC_DemoProject/GMC 5.2/Content/GMC/Demo/Blueprints/BP_GameInstance.uasset" 534
"D:/Projects/MovementFPS/GMC_DemoProject/GMC 5.2/Content/GMC/Demo/Blueprints/BP_GameInstance.uexp" 535
"D:/Projects/MovementFPS/GMC_DemoProject/GMC 5.2/Content/GMC/Demo/Maps/Menu.uexp" 536
"D:/Projects/MovementFPS/GMC_DemoProject/GMC 5.2/Content/GMC/Demo/Maps/Menu.umap" 537
"D:/Projects/MovementFPS/GMC_DemoProject/GMC 5.2/Content/GMC/Demo/Maps/Entry_BuiltData.uasset" 538
"D:/Projects/MovementFPS/GMC_DemoProject/GMC 5.2/Content/GMC/Demo/Maps/Entry_BuiltData.uexp" 539
"D:/Projects/MovementFPS/GMC_DemoProject/GMC 5.2/Content/GMC/Demo/Materials/T_Info.ubulk" 540
"D:/Projects/MovementFPS/GMC_DemoProject/GMC 5.2/Content/GMC/Demo/Materials/T_Info.uasset" 541
"D:/Projects/MovementFPS/GMC_DemoProject/GMC 5.2/Content/GMC/Demo/Materials/T_Info.uexp" 542
"../../../Engine/Content/Functions/Engine_MaterialFunctions02/ExampleContent/DebugNumberStrip.uasset" 543
"../../../Engine/Content/Functions/Engine_MaterialFunctions02/ExampleContent/DebugNumberStrip.uexp" 544
"../../../Engine/Content/Functions/Engine_MaterialFunctions01/Texturing/ComputeMipLevel.uasset" 545
"../../../Engine/Content/Functions/Engine_MaterialFunctions01/Texturing/ComputeMipLevel.uexp" 546
"../../../Engine/Content/Functions/Engine_MaterialFunctions01/Texturing/TextureCropping.uasset" 547
"../../../Engine/Content/Functions/Engine_MaterialFunctions01/Texturing/TextureCropping.uexp" 548
"../../../Engine/Content/Functions/Engine_MaterialFunctions02/ExampleContent/Textures/DebugNumberPeriod.uasset" 549
"../../../Engine/Content/Functions/Engine_MaterialFunctions02/ExampleContent/Textures/DebugNumberPeriod.uexp" 550
"../../../Engine/Content/Functions/Engine_MaterialFunctions02/Utility/DebugScalarValues.uasset" 551
"../../../Engine/Content/Functions/Engine_MaterialFunctions02/Utility/DebugScalarValues.uexp" 552
"../../../Engine/Content/Functions/Engine_MaterialFunctions02/Utility/DebugFloat2Values.uasset" 553
"../../../Engine/Content/Functions/Engine_MaterialFunctions02/Utility/DebugFloat2Values.uexp" 554
"../../../Engine/Content/Functions/Engine_MaterialFunctions02/ExampleContent/Textures/flipbook.ubulk" 555
"../../../Engine/Content/Functions/Engine_MaterialFunctions02/ExampleContent/Textures/flipbook.uasset" 556
"../../../Engine/Content/Functions/Engine_MaterialFunctions02/ExampleContent/Textures/flipbook.uexp" 557
"../../../Engine/Content/Functions/Engine_MaterialFunctions02/Texturing/FlipBook.uasset" 558
"../../../Engine/Content/Functions/Engine_MaterialFunctions02/Texturing/FlipBook.uexp" 559
"D:/Projects/MovementFPS/GMC_DemoProject/GMC 5.2/Content/GMC/Demo/Materials/M_Info.uasset" 560
"D:/Projects/MovementFPS/GMC_DemoProject/GMC 5.2/Content/GMC/Demo/Materials/M_Info.uexp" 561
"D:/Projects/MovementFPS/GMC_DemoProject/GMC 5.2/Content/GMC/Demo/Blueprints/BP_Info.uasset" 562
"D:/Projects/MovementFPS/GMC_DemoProject/GMC 5.2/Content/GMC/Demo/Blueprints/BP_Info.uexp" 563
"D:/Projects/MovementFPS/GMC_DemoProject/GMC 5.2/Content/GMC/Demo/Materials/M_DarkGreen.uasset" 564
"D:/Projects/MovementFPS/GMC_DemoProject/GMC 5.2/Content/GMC/Demo/Materials/M_DarkGreen.uexp" 565
"D:/Projects/MovementFPS/GMC_DemoProject/GMC 5.2/Content/GMC/Demo/Meshes/Floor.uasset" 566
"D:/Projects/MovementFPS/GMC_DemoProject/GMC 5.2/Content/GMC/Demo/Meshes/Floor.uexp" 567
"D:/Projects/MovementFPS/GMC_DemoProject/GMC 5.2/Content/GMC/Demo/Materials/M_DarkRed.uasset" 568
"D:/Projects/MovementFPS/GMC_DemoProject/GMC 5.2/Content/GMC/Demo/Materials/M_DarkRed.uexp" 569
"D:/Projects/MovementFPS/GMC_DemoProject/GMC 5.2/Content/GMC/Demo/Meshes/PlatformSmall.uasset" 570
"D:/Projects/MovementFPS/GMC_DemoProject/GMC 5.2/Content/GMC/Demo/Meshes/PlatformSmall.uexp" 571
"D:/Projects/MovementFPS/GMC_DemoProject/GMC 5.2/Content/GMC/Demo/Meshes/Stairs.uasset" 572
"D:/Projects/MovementFPS/GMC_DemoProject/GMC 5.2/Content/GMC/Demo/Meshes/Stairs.uexp" 573
"../../../Engine/Content/EngineSky/T_Sky_Stars.ubulk" 574
"../../../Engine/Content/EngineSky/T_Sky_Stars.uasset" 575
"../../../Engine/Content/EngineSky/T_Sky_Stars.uexp" 576
"../../../Engine/Content/EngineSky/T_Sky_Clouds_M.ubulk" 577
"../../../Engine/Content/EngineSky/T_Sky_Clouds_M.uasset" 578
"../../../Engine/Content/EngineSky/T_Sky_Clouds_M.uexp" 579
"../../../Engine/Content/EngineSky/T_Sky_Blue.ubulk" 580
"../../../Engine/Content/EngineSky/T_Sky_Blue.uasset" 581
"../../../Engine/Content/EngineSky/T_Sky_Blue.uexp" 582
"../../../Engine/Content/EngineSky/M_Sky_Panning_Clouds2.uasset" 583
"../../../Engine/Content/EngineSky/M_Sky_Panning_Clouds2.uexp" 584
"D:/Projects/MovementFPS/GMC_DemoProject/GMC 5.2/Content/GMC/Demo/Meshes/Wall.uasset" 585
"D:/Projects/MovementFPS/GMC_DemoProject/GMC 5.2/Content/GMC/Demo/Meshes/Wall.uexp" 586
"../../../Engine/Content/EngineSky/C_Sky_Horizon_Color.uasset" 587
"../../../Engine/Content/EngineSky/C_Sky_Horizon_Color.uexp" 588
"../../../Engine/Content/EngineSky/SM_SkySphere.uasset" 589
"../../../Engine/Content/EngineSky/SM_SkySphere.uexp" 590
"../../../Engine/Content/EngineSky/C_Sky_Cloud_Color.uasset" 591
"../../../Engine/Content/EngineSky/C_Sky_Cloud_Color.uexp" 592
"../../../Engine/Content/EngineSky/C_Sky_Zenith_Color.uasset" 593
"../../../Engine/Content/EngineSky/C_Sky_Zenith_Color.uexp" 594
"D:/Projects/MovementFPS/GMC_DemoProject/GMC 5.2/Content/GMC/Demo/Blueprints/BP_Sky.uasset" 595
"D:/Projects/MovementFPS/GMC_DemoProject/GMC 5.2/Content/GMC/Demo/Blueprints/BP_Sky.uexp" 596
"D:/Projects/MovementFPS/GMC_DemoProject/GMC 5.2/Content/GMC/Demo/Meshes/Cylinder.uasset" 597
"D:/Projects/MovementFPS/GMC_DemoProject/GMC 5.2/Content/GMC/Demo/Meshes/Cylinder.uexp" 598
"D:/Projects/MovementFPS/GMC_DemoProject/GMC 5.2/Content/GMC/Demo/Meshes/PlatformLarge.uasset" 599
"D:/Projects/MovementFPS/GMC_DemoProject/GMC 5.2/Content/GMC/Demo/Meshes/PlatformLarge.uexp" 600
"D:/Projects/MovementFPS/GMC_DemoProject/GMC 5.2/Content/GMC/Demo/Maps/Entry.uexp" 601
"D:/Projects/MovementFPS/GMC_DemoProject/GMC 5.2/Content/GMC/Demo/Maps/Entry.umap" 602
